<?xml version="1.0" encoding="UTF-8"?>
<testsuite xmlns:xsi="http://www.w3.org/2001/XMLSchema-instance" xsi:noNamespaceSchemaLocation="https://maven.apache.org/surefire/maven-surefire-plugin/xsd/surefire-test-report-3.0.xsd" version="3.0" name="TestSuite" time="12.685" tests="1" errors="0" skipped="0" failures="0">
  <properties>
[...]
</properties>
  <testcase name="runScenario[&quot;Successful Login with Valid Credentials&quot;, &quot;Login&quot;](1)" classname="TestRunner.Run" time="11.971">
    <system-out><![CDATA[Setup-Sanity method executed..
[DEBUG] Resolution chrome=102 in cache (valid until 20:36:29 29/06/2022 IST)
[DEBUG] Resolution chrome102=102.0.5005.61 in cache (valid until 19:36:29 30/06/2022 IST)
[INFO] Using chromedriver 102.0.5005.61 (resolved driver for Chrome 102)
[DEBUG] Driver chromedriver 102.0.5005.61 found in cache
[INFO] Exporting webdriver.chrome.driver as C:\Users\prach\.cache\selenium\chromedriver\win32\102.0.5005.61\chromedriver.exe
[DEBUG] Using SLF4J as the default logging framework
[DEBUG] -Dio.netty.leakDetection.level: simple
[DEBUG] -Dio.netty.leakDetection.targetRecords: 4
[DEBUG] Loaded default ResourceLeakDetector: io.netty.util.ResourceLeakDetector@2e32fc22
[DEBUG] -Dio.netty.noUnsafe: false
[DEBUG] Java version: 16
[DEBUG] sun.misc.Unsafe.theUnsafe: available
[DEBUG] sun.misc.Unsafe.copyMemory: available
[DEBUG] sun.misc.Unsafe.storeFence: available
[DEBUG] java.nio.Buffer.address: available
[DEBUG] direct buffer constructor: unavailable: Reflective setAccessible(true) disabled
[DEBUG] java.nio.Bits.unaligned: available, true
[DEBUG] jdk.internal.misc.Unsafe.allocateUninitializedArray(int): unavailable: class io.netty.util.internal.PlatformDependent0$7 cannot access class jdk.internal.misc.Unsafe (in module java.base) because module java.base does not export jdk.internal.misc to unnamed module @1649b0e6
[DEBUG] java.nio.DirectByteBuffer.<init>(long, int): unavailable
[DEBUG] sun.misc.Unsafe: available
[DEBUG] maxDirectMemory: 2067791872 bytes (maybe)
[DEBUG] -Dio.netty.tmpdir: C:\Users\prach\AppData\Local\Temp (java.io.tmpdir)
[DEBUG] -Dio.netty.bitMode: 64 (sun.arch.data.model)
[DEBUG] Platform: Windows
[DEBUG] -Dio.netty.maxDirectMemory: -1 bytes
[DEBUG] -Dio.netty.uninitializedArrayAllocationThreshold: -1
[DEBUG] java.nio.ByteBuffer.cleaner(): available
[DEBUG] -Dio.netty.noPreferDirect: false
[DEBUG] org.jctools-core.MpscChunkedArrayQueue: available
[DEBUG] -Dio.netty.threadLocalMap.stringBuilder.initialSize: 1024
[DEBUG] -Dio.netty.threadLocalMap.stringBuilder.maxSize: 4096
[DEBUG] Default protocols (JDK): [TLSv1.3, TLSv1.2] 
[DEBUG] Default cipher suites (JDK): [TLS_ECDHE_ECDSA_WITH_AES_256_GCM_SHA384, TLS_ECDHE_ECDSA_WITH_AES_128_GCM_SHA256, TLS_ECDHE_RSA_WITH_AES_128_GCM_SHA256, TLS_ECDHE_RSA_WITH_AES_256_GCM_SHA384, TLS_ECDHE_RSA_WITH_AES_128_CBC_SHA, TLS_ECDHE_RSA_WITH_AES_256_CBC_SHA, TLS_RSA_WITH_AES_128_GCM_SHA256, TLS_RSA_WITH_AES_128_CBC_SHA, TLS_RSA_WITH_AES_256_CBC_SHA, TLS_AES_128_GCM_SHA256, TLS_AES_256_GCM_SHA384]
[DEBUG] -Dio.netty.eventLoopThreads: 16
[DEBUG] -Dio.netty.noKeySetOptimization: false
[DEBUG] -Dio.netty.selectorAutoRebuildThreshold: 512
[DEBUG] -Dio.netty.allocator.numHeapArenas: 16
[DEBUG] -Dio.netty.allocator.numDirectArenas: 16
[DEBUG] -Dio.netty.allocator.pageSize: 8192
[DEBUG] -Dio.netty.allocator.maxOrder: 9
[DEBUG] -Dio.netty.allocator.chunkSize: 4194304
[DEBUG] -Dio.netty.allocator.smallCacheSize: 256
[DEBUG] -Dio.netty.allocator.normalCacheSize: 64
[DEBUG] -Dio.netty.allocator.maxCachedBufferCapacity: 32768
[DEBUG] -Dio.netty.allocator.cacheTrimInterval: 8192
[DEBUG] -Dio.netty.allocator.cacheTrimIntervalMillis: 0
[DEBUG] -Dio.netty.allocator.useCacheForAllThreads: false
[DEBUG] -Dio.netty.allocator.maxCachedByteBuffersPerChunk: 1023
[DEBUG] -Dio.netty.allocator.type: pooled
[DEBUG] -Dio.netty.threadLocalDirectBufferSize: 0
[DEBUG] -Dio.netty.maxThreadLocalCharBufferSize: 16384
[DEBUG] -Dio.netty.processId: 16144 (auto-detected)
[DEBUG] -Djava.net.preferIPv4Stack: false
[DEBUG] -Djava.net.preferIPv6Addresses: false
[DEBUG] Loopback interface: lo (Software Loopback Interface 1, 127.0.0.1)
[DEBUG] Failed to get SOMAXCONN from sysctl and file \proc\sys\net\core\somaxconn. Default: 200
[DEBUG] -Dio.netty.machineId: 84:5c:f3:ff:fe:4d:c3:0d (auto-detected)
[DEBUG] -Dio.netty.buffer.checkAccessible: true
[DEBUG] -Dio.netty.buffer.checkBounds: true
[DEBUG] Loaded default ResourceLeakDetector: io.netty.util.ResourceLeakDetector@28f76060
[DEBUG] Using new Channel '[id: 0x5612e000, L:/127.0.0.1:54826 - R:localhost/127.0.0.1:58756]' for 'POST' to '/session'
[DEBUG] -Dio.netty.recycler.maxCapacityPerThread: 4096
[DEBUG] -Dio.netty.recycler.ratio: 8
[DEBUG] -Dio.netty.recycler.chunkSize: 32
[DEBUG] -Dio.netty.recycler.blocking: false
[DEBUG] brotli4j not in the classpath; Brotli support will be unavailable.
[DEBUG] 

Request DefaultHttpRequest(decodeResult: success, version: HTTP/1.1)
POST /session HTTP/1.1
User-Agent: selenium/4.2.1 (java windows)
Content-Length: 365
Content-Type: application/json; charset=utf-8
host: localhost:58756
accept: */*

Response DefaultHttpResponse(decodeResult: success, version: HTTP/1.1)
HTTP/1.1 200 OK
Content-Type: application/json; charset=utf-8
cache-control: no-cache
content-length: 791

[DEBUG] Adding key: http://localhost:58756 for channel [id: 0x5612e000, L:/127.0.0.1:54826 - R:localhost/127.0.0.1:58756]
[DEBUG] Using new Channel '[id: 0xc7b2115b, L:/127.0.0.1:54833 - R:localhost/127.0.0.1:54827]' for 'GET' to '/json/version'
[DEBUG] 

Request DefaultFullHttpRequest(decodeResult: success, version: HTTP/1.1, content: EmptyByteBufBE)
GET /json/version HTTP/1.1
User-Agent: selenium/4.2.1 (java windows)
host: localhost:54827
accept: */*

Response DefaultHttpResponse(decodeResult: success, version: HTTP/1.1)
HTTP/1.1 200 OK
Content-Type: application/json; charset=UTF-8
content-length: 428

[DEBUG] Adding key: http://localhost:54827 for channel [id: 0xc7b2115b, L:/127.0.0.1:54833 - R:localhost/127.0.0.1:54827]
[DEBUG] -Dio.netty.initialSeedUniquifier: 0xc1b1b9451ee57b35
[DEBUG] Using new Channel '[id: 0x6f8392d7, L:/127.0.0.1:54834 - R:localhost/127.0.0.1:54827]' for 'GET' to '/devtools/browser/b91a2140-95b4-4415-95c4-141ebb78a13a'
[DEBUG] 

Request DefaultFullHttpRequest(decodeResult: success, version: HTTP/1.1, content: EmptyByteBufBE)
GET /devtools/browser/b91a2140-95b4-4415-95c4-141ebb78a13a HTTP/1.1
upgrade: websocket
connection: upgrade
sec-websocket-key: u2sVZJsLYwBWME9bZTXoXA==
sec-websocket-version: 13
origin: http://localhost:54827
host: localhost:54827
accept: */*
user-agent: AHC/2.1

Response DefaultHttpResponse(decodeResult: success, version: HTTP/1.1)
HTTP/1.1 101 WebSocket Protocol Handshake
Upgrade: WebSocket
Connection: Upgrade
Sec-WebSocket-Accept: V7QcOBxRjcbv1RkIqoBHtCn0nVc=

[DEBUG] Entry count for : http://localhost:54827 : 1
[DEBUG] Entry count for : http://localhost:58756 : 1
[FATAL] 2022-06-29 20:18:56.051 [main] StepDef - Setup1 executed...
[INFO ] 2022-06-29 20:18:56.095 [main] StepDef - chrome browser launched
[DEBUG] Using pooled Channel '[id: 0x5612e000, L:/127.0.0.1:54826 - R:localhost/127.0.0.1:58756]' for 'POST' to 'http://localhost:58756/session/cca50f99fd67b835358080e8df479f8d/url'
[DEBUG] Using open Channel [id: 0x5612e000, L:/127.0.0.1:54826 - R:localhost/127.0.0.1:58756] for POST '/session/cca50f99fd67b835358080e8df479f8d/url'
[DEBUG] Entry count for : http://localhost:54827 : 1
[DEBUG] Entry count for : http://localhost:54827 : 1
[DEBUG] 

Request DefaultHttpRequest(decodeResult: success, version: HTTP/1.1)
POST /session/cca50f99fd67b835358080e8df479f8d/url HTTP/1.1
User-Agent: selenium/4.2.1 (java windows)
Content-Length: 69
Content-Type: application/json; charset=utf-8
host: localhost:58756
accept: */*

Response DefaultHttpResponse(decodeResult: success, version: HTTP/1.1)
HTTP/1.1 200 OK
Content-Type: application/json; charset=utf-8
cache-control: no-cache
content-length: 14

[DEBUG] Adding key: http://localhost:58756 for channel [id: 0x5612e000, L:/127.0.0.1:54826 - R:localhost/127.0.0.1:58756]
[INFO ] 2022-06-29 20:18:58.700 [main] StepDef - url opened
[DEBUG] Using pooled Channel '[id: 0x5612e000, L:/127.0.0.1:54826 - R:localhost/127.0.0.1:58756]' for 'POST' to 'http://localhost:58756/session/cca50f99fd67b835358080e8df479f8d/element'
[DEBUG] Using open Channel [id: 0x5612e000, L:/127.0.0.1:54826 - R:localhost/127.0.0.1:58756] for POST '/session/cca50f99fd67b835358080e8df479f8d/element'
[DEBUG] 

Request DefaultHttpRequest(decodeResult: success, version: HTTP/1.1)
POST /session/cca50f99fd67b835358080e8df479f8d/element HTTP/1.1
User-Agent: selenium/4.2.1 (java windows)
Content-Length: 50
Content-Type: application/json; charset=utf-8
host: localhost:58756
accept: */*

Response DefaultHttpResponse(decodeResult: success, version: HTTP/1.1)
HTTP/1.1 200 OK
Content-Type: application/json; charset=utf-8
cache-control: no-cache
content-length: 88

[DEBUG] Adding key: http://localhost:58756 for channel [id: 0x5612e000, L:/127.0.0.1:54826 - R:localhost/127.0.0.1:58756]
[DEBUG] Using pooled Channel '[id: 0x5612e000, L:/127.0.0.1:54826 - R:localhost/127.0.0.1:58756]' for 'POST' to 'http://localhost:58756/session/cca50f99fd67b835358080e8df479f8d/element/70dc2fce-455b-4b79-bfdd-31086ca1f186/clear'
[DEBUG] Using open Channel [id: 0x5612e000, L:/127.0.0.1:54826 - R:localhost/127.0.0.1:58756] for POST '/session/cca50f99fd67b835358080e8df479f8d/element/70dc2fce-455b-4b79-bfdd-31086ca1f186/clear'
[DEBUG] 

Request DefaultHttpRequest(decodeResult: success, version: HTTP/1.1)
POST /session/cca50f99fd67b835358080e8df479f8d/element/70dc2fce-455b-4b79-bfdd-31086ca1f186/clear HTTP/1.1
User-Agent: selenium/4.2.1 (java windows)
Content-Length: 50
Content-Type: application/json; charset=utf-8
host: localhost:58756
accept: */*

Response DefaultHttpResponse(decodeResult: success, version: HTTP/1.1)
HTTP/1.1 200 OK
Content-Type: application/json; charset=utf-8
cache-control: no-cache
content-length: 14

[DEBUG] Adding key: http://localhost:58756 for channel [id: 0x5612e000, L:/127.0.0.1:54826 - R:localhost/127.0.0.1:58756]
[DEBUG] Using pooled Channel '[id: 0x5612e000, L:/127.0.0.1:54826 - R:localhost/127.0.0.1:58756]' for 'POST' to 'http://localhost:58756/session/cca50f99fd67b835358080e8df479f8d/element'
[DEBUG] Using open Channel [id: 0x5612e000, L:/127.0.0.1:54826 - R:localhost/127.0.0.1:58756] for POST '/session/cca50f99fd67b835358080e8df479f8d/element'
[DEBUG] 

Request DefaultHttpRequest(decodeResult: success, version: HTTP/1.1)
POST /session/cca50f99fd67b835358080e8df479f8d/element HTTP/1.1
User-Agent: selenium/4.2.1 (java windows)
Content-Length: 50
Content-Type: application/json; charset=utf-8
host: localhost:58756
accept: */*

Response DefaultHttpResponse(decodeResult: success, version: HTTP/1.1)
HTTP/1.1 200 OK
Content-Type: application/json; charset=utf-8
cache-control: no-cache
content-length: 88

[DEBUG] Adding key: http://localhost:58756 for channel [id: 0x5612e000, L:/127.0.0.1:54826 - R:localhost/127.0.0.1:58756]
[DEBUG] Using pooled Channel '[id: 0x5612e000, L:/127.0.0.1:54826 - R:localhost/127.0.0.1:58756]' for 'POST' to 'http://localhost:58756/session/cca50f99fd67b835358080e8df479f8d/element/70dc2fce-455b-4b79-bfdd-31086ca1f186/value'
[DEBUG] Using open Channel [id: 0x5612e000, L:/127.0.0.1:54826 - R:localhost/127.0.0.1:58756] for POST '/session/cca50f99fd67b835358080e8df479f8d/element/70dc2fce-455b-4b79-bfdd-31086ca1f186/value'
[DEBUG] 

Request DefaultHttpRequest(decodeResult: success, version: HTTP/1.1)
POST /session/cca50f99fd67b835358080e8df479f8d/element/70dc2fce-455b-4b79-bfdd-31086ca1f186/value HTTP/1.1
User-Agent: selenium/4.2.1 (java windows)
Content-Length: 271
Content-Type: application/json; charset=utf-8
host: localhost:58756
accept: */*

Response DefaultHttpResponse(decodeResult: success, version: HTTP/1.1)
HTTP/1.1 200 OK
Content-Type: application/json; charset=utf-8
cache-control: no-cache
content-length: 14

[DEBUG] Adding key: http://localhost:58756 for channel [id: 0x5612e000, L:/127.0.0.1:54826 - R:localhost/127.0.0.1:58756]
[DEBUG] Using pooled Channel '[id: 0x5612e000, L:/127.0.0.1:54826 - R:localhost/127.0.0.1:58756]' for 'POST' to 'http://localhost:58756/session/cca50f99fd67b835358080e8df479f8d/element'
[DEBUG] Using open Channel [id: 0x5612e000, L:/127.0.0.1:54826 - R:localhost/127.0.0.1:58756] for POST '/session/cca50f99fd67b835358080e8df479f8d/element'
[DEBUG] 

Request DefaultHttpRequest(decodeResult: success, version: HTTP/1.1)
POST /session/cca50f99fd67b835358080e8df479f8d/element HTTP/1.1
User-Agent: selenium/4.2.1 (java windows)
Content-Length: 53
Content-Type: application/json; charset=utf-8
host: localhost:58756
accept: */*

Response DefaultHttpResponse(decodeResult: success, version: HTTP/1.1)
HTTP/1.1 200 OK
Content-Type: application/json; charset=utf-8
cache-control: no-cache
content-length: 88

[DEBUG] Adding key: http://localhost:58756 for channel [id: 0x5612e000, L:/127.0.0.1:54826 - R:localhost/127.0.0.1:58756]
[DEBUG] Using pooled Channel '[id: 0x5612e000, L:/127.0.0.1:54826 - R:localhost/127.0.0.1:58756]' for 'POST' to 'http://localhost:58756/session/cca50f99fd67b835358080e8df479f8d/element/080a4187-f770-44fc-8acd-8e28f68bd978/clear'
[DEBUG] Using open Channel [id: 0x5612e000, L:/127.0.0.1:54826 - R:localhost/127.0.0.1:58756] for POST '/session/cca50f99fd67b835358080e8df479f8d/element/080a4187-f770-44fc-8acd-8e28f68bd978/clear'
[DEBUG] 

Request DefaultHttpRequest(decodeResult: success, version: HTTP/1.1)
POST /session/cca50f99fd67b835358080e8df479f8d/element/080a4187-f770-44fc-8acd-8e28f68bd978/clear HTTP/1.1
User-Agent: selenium/4.2.1 (java windows)
Content-Length: 50
Content-Type: application/json; charset=utf-8
host: localhost:58756
accept: */*

Response DefaultHttpResponse(decodeResult: success, version: HTTP/1.1)
HTTP/1.1 200 OK
Content-Type: application/json; charset=utf-8
cache-control: no-cache
content-length: 14

[DEBUG] Adding key: http://localhost:58756 for channel [id: 0x5612e000, L:/127.0.0.1:54826 - R:localhost/127.0.0.1:58756]
[DEBUG] Using pooled Channel '[id: 0x5612e000, L:/127.0.0.1:54826 - R:localhost/127.0.0.1:58756]' for 'POST' to 'http://localhost:58756/session/cca50f99fd67b835358080e8df479f8d/element'
[DEBUG] Using open Channel [id: 0x5612e000, L:/127.0.0.1:54826 - R:localhost/127.0.0.1:58756] for POST '/session/cca50f99fd67b835358080e8df479f8d/element'
[DEBUG] 

Request DefaultHttpRequest(decodeResult: success, version: HTTP/1.1)
POST /session/cca50f99fd67b835358080e8df479f8d/element HTTP/1.1
User-Agent: selenium/4.2.1 (java windows)
Content-Length: 53
Content-Type: application/json; charset=utf-8
host: localhost:58756
accept: */*

Response DefaultHttpResponse(decodeResult: success, version: HTTP/1.1)
HTTP/1.1 200 OK
Content-Type: application/json; charset=utf-8
cache-control: no-cache
content-length: 88

[DEBUG] Adding key: http://localhost:58756 for channel [id: 0x5612e000, L:/127.0.0.1:54826 - R:localhost/127.0.0.1:58756]
[DEBUG] Using pooled Channel '[id: 0x5612e000, L:/127.0.0.1:54826 - R:localhost/127.0.0.1:58756]' for 'POST' to 'http://localhost:58756/session/cca50f99fd67b835358080e8df479f8d/element/080a4187-f770-44fc-8acd-8e28f68bd978/value'
[DEBUG] Using open Channel [id: 0x5612e000, L:/127.0.0.1:54826 - R:localhost/127.0.0.1:58756] for POST '/session/cca50f99fd67b835358080e8df479f8d/element/080a4187-f770-44fc-8acd-8e28f68bd978/value'
[DEBUG] 

Request DefaultHttpRequest(decodeResult: success, version: HTTP/1.1)
POST /session/cca50f99fd67b835358080e8df479f8d/element/080a4187-f770-44fc-8acd-8e28f68bd978/value HTTP/1.1
User-Agent: selenium/4.2.1 (java windows)
Content-Length: 131
Content-Type: application/json; charset=utf-8
host: localhost:58756
accept: */*

Response DefaultHttpResponse(decodeResult: success, version: HTTP/1.1)
HTTP/1.1 200 OK
Content-Type: application/json; charset=utf-8
cache-control: no-cache
content-length: 14

[DEBUG] Adding key: http://localhost:58756 for channel [id: 0x5612e000, L:/127.0.0.1:54826 - R:localhost/127.0.0.1:58756]
[INFO ] 2022-06-29 20:18:58.887 [main] StepDef - email address and password entered
[DEBUG] Using pooled Channel '[id: 0x5612e000, L:/127.0.0.1:54826 - R:localhost/127.0.0.1:58756]' for 'POST' to 'http://localhost:58756/session/cca50f99fd67b835358080e8df479f8d/element'
[DEBUG] Using open Channel [id: 0x5612e000, L:/127.0.0.1:54826 - R:localhost/127.0.0.1:58756] for POST '/session/cca50f99fd67b835358080e8df479f8d/element'
[DEBUG] 

Request DefaultHttpRequest(decodeResult: success, version: HTTP/1.1)
POST /session/cca50f99fd67b835358080e8df479f8d/element HTTP/1.1
User-Agent: selenium/4.2.1 (java windows)
Content-Length: 87
Content-Type: application/json; charset=utf-8
host: localhost:58756
accept: */*

Response DefaultHttpResponse(decodeResult: success, version: HTTP/1.1)
HTTP/1.1 200 OK
Content-Type: application/json; charset=utf-8
cache-control: no-cache
content-length: 88

[DEBUG] Adding key: http://localhost:58756 for channel [id: 0x5612e000, L:/127.0.0.1:54826 - R:localhost/127.0.0.1:58756]
[DEBUG] Using pooled Channel '[id: 0x5612e000, L:/127.0.0.1:54826 - R:localhost/127.0.0.1:58756]' for 'POST' to 'http://localhost:58756/session/cca50f99fd67b835358080e8df479f8d/element/7da37568-f452-434d-8f9c-4b8376c240e9/click'
[DEBUG] Using open Channel [id: 0x5612e000, L:/127.0.0.1:54826 - R:localhost/127.0.0.1:58756] for POST '/session/cca50f99fd67b835358080e8df479f8d/element/7da37568-f452-434d-8f9c-4b8376c240e9/click'
[DEBUG] Entry count for : http://localhost:54827 : 1
[DEBUG] Entry count for : http://localhost:54827 : 1
[DEBUG] Entry count for : http://localhost:54827 : 1
[DEBUG] Entry count for : http://localhost:54827 : 1
[DEBUG] 

Request DefaultHttpRequest(decodeResult: success, version: HTTP/1.1)
POST /session/cca50f99fd67b835358080e8df479f8d/element/7da37568-f452-434d-8f9c-4b8376c240e9/click HTTP/1.1
User-Agent: selenium/4.2.1 (java windows)
Content-Length: 50
Content-Type: application/json; charset=utf-8
host: localhost:58756
accept: */*

Response DefaultHttpResponse(decodeResult: success, version: HTTP/1.1)
HTTP/1.1 200 OK
Content-Type: application/json; charset=utf-8
cache-control: no-cache
content-length: 14

[DEBUG] Adding key: http://localhost:58756 for channel [id: 0x5612e000, L:/127.0.0.1:54826 - R:localhost/127.0.0.1:58756]
[INFO ] 2022-06-29 20:19:02.773 [main] StepDef - Clicked on login button
[DEBUG] Using pooled Channel '[id: 0x5612e000, L:/127.0.0.1:54826 - R:localhost/127.0.0.1:58756]' for 'GET' to 'http://localhost:58756/session/cca50f99fd67b835358080e8df479f8d/title'
[DEBUG] Using open Channel [id: 0x5612e000, L:/127.0.0.1:54826 - R:localhost/127.0.0.1:58756] for GET '/session/cca50f99fd67b835358080e8df479f8d/title'
[DEBUG] 

Request DefaultFullHttpRequest(decodeResult: success, version: HTTP/1.1, content: EmptyByteBufBE)
GET /session/cca50f99fd67b835358080e8df479f8d/title HTTP/1.1
User-Agent: selenium/4.2.1 (java windows)
Cache-Control: no-cache
Content-Type: application/json; charset=utf-8
host: localhost:58756
accept: */*

Response DefaultHttpResponse(decodeResult: success, version: HTTP/1.1)
HTTP/1.1 200 OK
Content-Type: application/json; charset=utf-8
cache-control: no-cache
content-length: 50

[DEBUG] Adding key: http://localhost:58756 for channel [id: 0x5612e000, L:/127.0.0.1:54826 - R:localhost/127.0.0.1:58756]
[WARN ] 2022-06-29 20:19:02.779 [main] StepDef - Test passed: Login feature :Page title matched.
[DEBUG] Using pooled Channel '[id: 0x5612e000, L:/127.0.0.1:54826 - R:localhost/127.0.0.1:58756]' for 'POST' to 'http://localhost:58756/session/cca50f99fd67b835358080e8df479f8d/element'
[DEBUG] Using open Channel [id: 0x5612e000, L:/127.0.0.1:54826 - R:localhost/127.0.0.1:58756] for POST '/session/cca50f99fd67b835358080e8df479f8d/element'
[DEBUG] 

Request DefaultHttpRequest(decodeResult: success, version: HTTP/1.1)
POST /session/cca50f99fd67b835358080e8df479f8d/element HTTP/1.1
User-Agent: selenium/4.2.1 (java windows)
Content-Length: 47
Content-Type: application/json; charset=utf-8
host: localhost:58756
accept: */*

Response DefaultHttpResponse(decodeResult: success, version: HTTP/1.1)
HTTP/1.1 200 OK
Content-Type: application/json; charset=utf-8
cache-control: no-cache
content-length: 88

[DEBUG] Adding key: http://localhost:58756 for channel [id: 0x5612e000, L:/127.0.0.1:54826 - R:localhost/127.0.0.1:58756]
[DEBUG] Using pooled Channel '[id: 0x5612e000, L:/127.0.0.1:54826 - R:localhost/127.0.0.1:58756]' for 'POST' to 'http://localhost:58756/session/cca50f99fd67b835358080e8df479f8d/element/60d5b2e9-b328-4d11-87f5-38a0560ae13a/click'
[DEBUG] Using open Channel [id: 0x5612e000, L:/127.0.0.1:54826 - R:localhost/127.0.0.1:58756] for POST '/session/cca50f99fd67b835358080e8df479f8d/element/60d5b2e9-b328-4d11-87f5-38a0560ae13a/click'
[DEBUG] Entry count for : http://localhost:54827 : 1
[DEBUG] 

Request DefaultHttpRequest(decodeResult: success, version: HTTP/1.1)
POST /session/cca50f99fd67b835358080e8df479f8d/element/60d5b2e9-b328-4d11-87f5-38a0560ae13a/click HTTP/1.1
User-Agent: selenium/4.2.1 (java windows)
Content-Length: 50
Content-Type: application/json; charset=utf-8
host: localhost:58756
accept: */*

Response DefaultHttpResponse(decodeResult: success, version: HTTP/1.1)
HTTP/1.1 200 OK
Content-Type: application/json; charset=utf-8
cache-control: no-cache
content-length: 14

[DEBUG] Adding key: http://localhost:58756 for channel [id: 0x5612e000, L:/127.0.0.1:54826 - R:localhost/127.0.0.1:58756]
[INFO ] 2022-06-29 20:19:04.745 [main] StepDef - user clicked on logout link.
[DEBUG] Using pooled Channel '[id: 0x5612e000, L:/127.0.0.1:54826 - R:localhost/127.0.0.1:58756]' for 'GET' to 'http://localhost:58756/session/cca50f99fd67b835358080e8df479f8d/title'
[DEBUG] Using open Channel [id: 0x5612e000, L:/127.0.0.1:54826 - R:localhost/127.0.0.1:58756] for GET '/session/cca50f99fd67b835358080e8df479f8d/title'
[DEBUG] 

Request DefaultFullHttpRequest(decodeResult: success, version: HTTP/1.1, content: EmptyByteBufBE)
GET /session/cca50f99fd67b835358080e8df479f8d/title HTTP/1.1
User-Agent: selenium/4.2.1 (java windows)
Cache-Control: no-cache
Content-Type: application/json; charset=utf-8
host: localhost:58756
accept: */*

Response DefaultHttpResponse(decodeResult: success, version: HTTP/1.1)
HTTP/1.1 200 OK
Content-Type: application/json; charset=utf-8
cache-control: no-cache
content-length: 29

[DEBUG] Adding key: http://localhost:58756 for channel [id: 0x5612e000, L:/127.0.0.1:54826 - R:localhost/127.0.0.1:58756]
[WARN ] 2022-06-29 20:19:04.751 [main] StepDef - Test passed: Login feature :Page title matched.
[DEBUG] Using pooled Channel '[id: 0x5612e000, L:/127.0.0.1:54826 - R:localhost/127.0.0.1:58756]' for 'DELETE' to 'http://localhost:58756/session/cca50f99fd67b835358080e8df479f8d/window'
[DEBUG] Using open Channel [id: 0x5612e000, L:/127.0.0.1:54826 - R:localhost/127.0.0.1:58756] for DELETE '/session/cca50f99fd67b835358080e8df479f8d/window'
[DEBUG] Entry count for : http://localhost:54827 : 1
[DEBUG] Unexpected I/O exception on channel [id: 0xc7b2115b, L:/127.0.0.1:54833 - R:localhost/127.0.0.1:54827]
java.net.SocketException: Connection reset
	at java.base/sun.nio.ch.SocketChannelImpl.throwConnectionReset(SocketChannelImpl.java:394) ~[na:na]
	at java.base/sun.nio.ch.SocketChannelImpl.read(SocketChannelImpl.java:426) ~[na:na]
	at io.netty.buffer.PooledByteBuf.setBytes(PooledByteBuf.java:258) ~[netty-buffer-4.1.77.Final.jar:4.1.77.Final]
	at io.netty.buffer.AbstractByteBuf.writeBytes(AbstractByteBuf.java:1132) ~[netty-buffer-4.1.77.Final.jar:4.1.77.Final]
	at io.netty.channel.socket.nio.NioSocketChannel.doReadBytes(NioSocketChannel.java:357) ~[netty-transport-4.1.77.Final.jar:4.1.77.Final]
	at io.netty.channel.nio.AbstractNioByteChannel$NioByteUnsafe.read(AbstractNioByteChannel.java:151) ~[netty-transport-4.1.77.Final.jar:4.1.77.Final]
	at io.netty.channel.nio.NioEventLoop.processSelectedKey(NioEventLoop.java:722) ~[netty-transport-4.1.77.Final.jar:4.1.77.Final]
	at io.netty.channel.nio.NioEventLoop.processSelectedKeysOptimized(NioEventLoop.java:658) ~[netty-transport-4.1.77.Final.jar:4.1.77.Final]
	at io.netty.channel.nio.NioEventLoop.processSelectedKeys(NioEventLoop.java:584) ~[netty-transport-4.1.77.Final.jar:4.1.77.Final]
	at io.netty.channel.nio.NioEventLoop.run(NioEventLoop.java:496) ~[netty-transport-4.1.77.Final.jar:4.1.77.Final]
	at io.netty.util.concurrent.SingleThreadEventExecutor$4.run(SingleThreadEventExecutor.java:995) ~[netty-common-4.1.77.Final.jar:4.1.77.Final]
	at io.netty.util.internal.ThreadExecutorMap$2.run(ThreadExecutorMap.java:74) ~[netty-common-4.1.77.Final.jar:4.1.77.Final]
	at io.netty.util.concurrent.FastThreadLocalRunnable.run(FastThreadLocalRunnable.java:30) ~[netty-common-4.1.77.Final.jar:4.1.77.Final]
	at java.base/java.lang.Thread.run(Thread.java:831) ~[na:na]
[DEBUG] Unexpected I/O exception on channel [id: 0x6f8392d7, L:/127.0.0.1:54834 - R:localhost/127.0.0.1:54827]
java.net.SocketException: Connection reset
	at java.base/sun.nio.ch.SocketChannelImpl.throwConnectionReset(SocketChannelImpl.java:394) ~[na:na]
	at java.base/sun.nio.ch.SocketChannelImpl.read(SocketChannelImpl.java:426) ~[na:na]
	at io.netty.buffer.PooledByteBuf.setBytes(PooledByteBuf.java:258) ~[netty-buffer-4.1.77.Final.jar:4.1.77.Final]
	at io.netty.buffer.AbstractByteBuf.writeBytes(AbstractByteBuf.java:1132) ~[netty-buffer-4.1.77.Final.jar:4.1.77.Final]
	at io.netty.channel.socket.nio.NioSocketChannel.doReadBytes(NioSocketChannel.java:357) ~[netty-transport-4.1.77.Final.jar:4.1.77.Final]
	at io.netty.channel.nio.AbstractNioByteChannel$NioByteUnsafe.read(AbstractNioByteChannel.java:151) ~[netty-transport-4.1.77.Final.jar:4.1.77.Final]
	at io.netty.channel.nio.NioEventLoop.processSelectedKey(NioEventLoop.java:722) ~[netty-transport-4.1.77.Final.jar:4.1.77.Final]
	at io.netty.channel.nio.NioEventLoop.processSelectedKeysOptimized(NioEventLoop.java:658) ~[netty-transport-4.1.77.Final.jar:4.1.77.Final]
	at io.netty.channel.nio.NioEventLoop.processSelectedKeys(NioEventLoop.java:584) ~[netty-transport-4.1.77.Final.jar:4.1.77.Final]
	at io.netty.channel.nio.NioEventLoop.run(NioEventLoop.java:496) ~[netty-transport-4.1.77.Final.jar:4.1.77.Final]
	at io.netty.util.concurrent.SingleThreadEventExecutor$4.run(SingleThreadEventExecutor.java:995) ~[netty-common-4.1.77.Final.jar:4.1.77.Final]
	at io.netty.util.internal.ThreadExecutorMap$2.run(ThreadExecutorMap.java:74) ~[netty-common-4.1.77.Final.jar:4.1.77.Final]
	at io.netty.util.concurrent.FastThreadLocalRunnable.run(FastThreadLocalRunnable.java:30) ~[netty-common-4.1.77.Final.jar:4.1.77.Final]
	at java.base/java.lang.Thread.run(Thread.java:831) ~[na:na]
[DEBUG] Closing Channel [id: 0xc7b2115b, L:/127.0.0.1:54833 - R:localhost/127.0.0.1:54827] 
[DEBUG] Was unable to recover Future: NettyResponseFuture{currentRetry=0,
	isDone=1,
	isCancelled=0,
	asyncHandler=org.asynchttpclient.ws.WebSocketUpgradeHandler@5ed4a4c8,
	nettyRequest=org.asynchttpclient.netty.request.NettyRequest@5f0952c5,
	future=java.util.concurrent.CompletableFuture@70b320e1[Completed normally],
	uri=ws://localhost:54827/devtools/browser/b91a2140-95b4-4415-95c4-141ebb78a13a,
	keepAlive=true,
	redirectCount=0,
	timeoutsHolder=null,
	inAuth=0,
	touch=1656514144803}
[DEBUG] Closing Channel [id: 0x6f8392d7, L:/127.0.0.1:54834 - R:localhost/127.0.0.1:54827] 
[WARN] onError
java.net.SocketException: Connection reset
	at java.base/sun.nio.ch.SocketChannelImpl.throwConnectionReset(SocketChannelImpl.java:394) ~[na:na]
	at java.base/sun.nio.ch.SocketChannelImpl.read(SocketChannelImpl.java:426) ~[na:na]
	at io.netty.buffer.PooledByteBuf.setBytes(PooledByteBuf.java:258) ~[netty-buffer-4.1.77.Final.jar:4.1.77.Final]
	at io.netty.buffer.AbstractByteBuf.writeBytes(AbstractByteBuf.java:1132) ~[netty-buffer-4.1.77.Final.jar:4.1.77.Final]
	at io.netty.channel.socket.nio.NioSocketChannel.doReadBytes(NioSocketChannel.java:357) ~[netty-transport-4.1.77.Final.jar:4.1.77.Final]
	at io.netty.channel.nio.AbstractNioByteChannel$NioByteUnsafe.read(AbstractNioByteChannel.java:151) ~[netty-transport-4.1.77.Final.jar:4.1.77.Final]
	at io.netty.channel.nio.NioEventLoop.processSelectedKey(NioEventLoop.java:722) ~[netty-transport-4.1.77.Final.jar:4.1.77.Final]
	at io.netty.channel.nio.NioEventLoop.processSelectedKeysOptimized(NioEventLoop.java:658) ~[netty-transport-4.1.77.Final.jar:4.1.77.Final]
	at io.netty.channel.nio.NioEventLoop.processSelectedKeys(NioEventLoop.java:584) ~[netty-transport-4.1.77.Final.jar:4.1.77.Final]
	at io.netty.channel.nio.NioEventLoop.run(NioEventLoop.java:496) ~[netty-transport-4.1.77.Final.jar:4.1.77.Final]
	at io.netty.util.concurrent.SingleThreadEventExecutor$4.run(SingleThreadEventExecutor.java:995) ~[netty-common-4.1.77.Final.jar:4.1.77.Final]
	at io.netty.util.internal.ThreadExecutorMap$2.run(ThreadExecutorMap.java:74) ~[netty-common-4.1.77.Final.jar:4.1.77.Final]
	at io.netty.util.concurrent.FastThreadLocalRunnable.run(FastThreadLocalRunnable.java:30) ~[netty-common-4.1.77.Final.jar:4.1.77.Final]
	at java.base/java.lang.Thread.run(Thread.java:831) ~[na:na]
[DEBUG] Closing Channel [id: 0x6f8392d7, L:/127.0.0.1:54834 ! R:localhost/127.0.0.1:54827] 
[DEBUG] Channel Closed: [id: 0x6f8392d7, L:/127.0.0.1:54834 ! R:localhost/127.0.0.1:54827] with attribute DISCARD
[DEBUG] Channel Closed: [id: 0xc7b2115b, L:/127.0.0.1:54833 ! R:localhost/127.0.0.1:54827] with attribute DISCARD
[DEBUG] 

Request DefaultFullHttpRequest(decodeResult: success, version: HTTP/1.1, content: EmptyByteBufBE)
DELETE /session/cca50f99fd67b835358080e8df479f8d/window HTTP/1.1
User-Agent: selenium/4.2.1 (java windows)
Content-Type: application/json; charset=utf-8
host: localhost:58756
accept: */*

Response DefaultHttpResponse(decodeResult: success, version: HTTP/1.1)
HTTP/1.1 200 OK
Content-Type: application/json; charset=utf-8
cache-control: no-cache
content-length: 12

[DEBUG] Adding key: http://localhost:58756 for channel [id: 0x5612e000, L:/127.0.0.1:54826 - R:localhost/127.0.0.1:58756]
[INFO ] 2022-06-29 20:19:04.817 [main] StepDef - Browser closed
Tear Down method executed..
[DEBUG] Using pooled Channel '[id: 0x5612e000, L:/127.0.0.1:54826 - R:localhost/127.0.0.1:58756]' for 'DELETE' to 'http://localhost:58756/session/cca50f99fd67b835358080e8df479f8d'
[DEBUG] Using open Channel [id: 0x5612e000, L:/127.0.0.1:54826 - R:localhost/127.0.0.1:58756] for DELETE '/session/cca50f99fd67b835358080e8df479f8d'
[DEBUG] 

Request DefaultFullHttpRequest(decodeResult: success, version: HTTP/1.1, content: EmptyByteBufBE)
DELETE /session/cca50f99fd67b835358080e8df479f8d HTTP/1.1
User-Agent: selenium/4.2.1 (java windows)
Content-Type: application/json; charset=utf-8
host: localhost:58756
accept: */*

Response DefaultHttpResponse(decodeResult: success, version: HTTP/1.1)
HTTP/1.1 200 OK
Content-Type: application/json; charset=utf-8
cache-control: no-cache
content-length: 14

[DEBUG] Adding key: http://localhost:58756 for channel [id: 0x5612e000, L:/127.0.0.1:54826 - R:localhost/127.0.0.1:58756]
[DEBUG] Channel Closed: [id: 0x5612e000, L:/127.0.0.1:54826 ! R:localhost/127.0.0.1:58756] with attribute DISCARD
]]></system-out>
    <system-err><![CDATA[Starting ChromeDriver 102.0.5005.61 (0e59bcc00cc4985ce39ad31c150065f159d95ad3-refs/branch-heads/5005@{#819}) on port 58756
Only local connections are allowed.
Please see https://chromedriver.chromium.org/security-considerations for suggestions on keeping ChromeDriver safe.
ChromeDriver was started successfully.
Jun 29, 2022 8:18:55 PM org.openqa.selenium.remote.ProtocolHandshake createSession
INFO: Detected upstream dialect: W3C
Jun 29, 2022 8:18:56 PM org.openqa.selenium.devtools.CdpVersionFinder findNearestMatch
INFO: Found exact CDP implementation for version 102
Jun 29, 2022 8:19:04 PM org.openqa.selenium.remote.http.WebSocket$Listener onError
WARNING: Connection reset
java.net.SocketException: Connection reset
	at java.base/sun.nio.ch.SocketChannelImpl.throwConnectionReset(SocketChannelImpl.java:394)
	at java.base/sun.nio.ch.SocketChannelImpl.read(SocketChannelImpl.java:426)
	at io.netty.buffer.PooledByteBuf.setBytes(PooledByteBuf.java:258)
	at io.netty.buffer.AbstractByteBuf.writeBytes(AbstractByteBuf.java:1132)
	at io.netty.channel.socket.nio.NioSocketChannel.doReadBytes(NioSocketChannel.java:357)
	at io.netty.channel.nio.AbstractNioByteChannel$NioByteUnsafe.read(AbstractNioByteChannel.java:151)
	at io.netty.channel.nio.NioEventLoop.processSelectedKey(NioEventLoop.java:722)
	at io.netty.channel.nio.NioEventLoop.processSelectedKeysOptimized(NioEventLoop.java:658)
	at io.netty.channel.nio.NioEventLoop.processSelectedKeys(NioEventLoop.java:584)
	at io.netty.channel.nio.NioEventLoop.run(NioEventLoop.java:496)
	at io.netty.util.concurrent.SingleThreadEventExecutor$4.run(SingleThreadEventExecutor.java:995)
	at io.netty.util.internal.ThreadExecutorMap$2.run(ThreadExecutorMap.java:74)
	at io.netty.util.concurrent.FastThreadLocalRunnable.run(FastThreadLocalRunnable.java:30)
	at java.base/java.lang.Thread.run(Thread.java:831)

]]></system-err>
  </testcase>
</testsuite>