<?xml version="1.0" encoding="UTF-8"?>
<testng-results ignored="0" total="2" passed="2" failed="0" skipped="0">
  <reporter-output>
  </reporter-output>
  <suite started-at="2022-06-30T16:45:39 IST" name="Suite" finished-at="2022-06-30T16:46:06 IST" duration-ms="27140">
    <groups>
      <group name="cucumber">
        <method signature="AbstractTestNGCucumberTests.runScenario(io.cucumber.testng.PickleWrapper,io.cucumber.testng.FeatureWrapper)[pri:0, instance:TestRunner.Run@1ffaf86]" name="runScenario" class="io.cucumber.testng.AbstractTestNGCucumberTests"/>
      </group> <!-- cucumber -->
    </groups>
    <test started-at="2022-06-30T16:45:39 IST" name="Test" finished-at="2022-06-30T16:46:06 IST" duration-ms="27140">
      <class name="TestRunner.Run">
        <test-method is-config="true" signature="setUpClass(org.testng.ITestContext)[pri:0, instance:TestRunner.Run@1ffaf86]" started-at="2022-06-30T16:45:39 IST" name="setUpClass" finished-at="2022-06-30T16:45:40 IST" duration-ms="642" status="PASS">
          <params>
            <param index="0">
              <value>
                <![CDATA[org.testng.TestRunner@3ed7dd70]]>
              </value>
            </param>
          </params>
          <reporter-output>
          </reporter-output>
        </test-method> <!-- setUpClass -->
        <test-method signature="runScenario(io.cucumber.testng.PickleWrapper,io.cucumber.testng.FeatureWrapper)[pri:0, instance:TestRunner.Run@1ffaf86]" started-at="2022-06-30T16:45:40 IST" name="runScenario" description="Runs Cucumber Scenarios" data-provider="scenarios" finished-at="2022-06-30T16:45:57 IST" duration-ms="17129" status="PASS">
          <params>
            <param index="0">
              <value>
                <![CDATA["Search Customer by Name"]]>
              </value>
            </param>
            <param index="1">
              <value>
                <![CDATA["Customers"]]>
              </value>
            </param>
          </params>
          <reporter-output>
          </reporter-output>
        </test-method> <!-- runScenario -->
        <test-method signature="runScenario(io.cucumber.testng.PickleWrapper,io.cucumber.testng.FeatureWrapper)[pri:0, instance:TestRunner.Run@1ffaf86]" started-at="2022-06-30T16:45:57 IST" name="runScenario" description="Runs Cucumber Scenarios" data-provider="scenarios" finished-at="2022-06-30T16:46:06 IST" duration-ms="9279" status="PASS">
          <params>
            <param index="0">
              <value>
                <![CDATA["Successful Login with Valid Credentials"]]>
              </value>
            </param>
            <param index="1">
              <value>
                <![CDATA["Login"]]>
              </value>
            </param>
          </params>
          <reporter-output>
          </reporter-output>
        </test-method> <!-- runScenario -->
        <test-method is-config="true" signature="tearDownClass()[pri:0, instance:TestRunner.Run@1ffaf86]" started-at="2022-06-30T16:46:06 IST" name="tearDownClass" finished-at="2022-06-30T16:46:06 IST" duration-ms="49" status="PASS">
          <reporter-output>
          </reporter-output>
        </test-method> <!-- tearDownClass -->
      </class> <!-- TestRunner.Run -->
    </test> <!-- Test -->
  </suite> <!-- Suite -->
</testng-results>
